TN:
SF:src/api/client.ts
FN:8,(anonymous_0)
FN:10,safeText
FN:18,requestWithRetry
FN:45,(anonymous_3)
FN:67,(anonymous_4)
FN:86,(anonymous_5)
FN:95,get
FN:103,postJson
FN:114,(anonymous_8)
FN:138,postForm
FN:149,(anonymous_10)
FN:169,isLocked423
FNF:12
FNH:0
FNDA:0,(anonymous_0)
FNDA:0,safeText
FNDA:0,requestWithRetry
FNDA:0,(anonymous_3)
FNDA:0,(anonymous_4)
FNDA:0,(anonymous_5)
FNDA:0,get
FNDA:0,postJson
FNDA:0,(anonymous_8)
FNDA:0,postForm
FNDA:0,(anonymous_10)
FNDA:0,isLocked423
DA:1,0
DA:3,0
DA:8,0
DA:11,0
DA:12,0
DA:14,0
DA:34,0
DA:36,0
DA:42,0
DA:43,0
DA:44,0
DA:45,0
DA:47,0
DA:53,0
DA:55,0
DA:56,0
DA:57,0
DA:58,0
DA:61,0
DA:63,0
DA:66,0
DA:67,0
DA:68,0
DA:71,0
DA:72,0
DA:73,0
DA:78,0
DA:79,0
DA:80,0
DA:82,0
DA:84,0
DA:85,0
DA:86,0
DA:87,0
DA:92,0
DA:96,0
DA:109,0
DA:113,0
DA:114,0
DA:116,0
DA:117,0
DA:123,0
DA:125,0
DA:126,0
DA:128,0
DA:130,0
DA:144,0
DA:148,0
DA:149,0
DA:151,0
DA:152,0
DA:158,0
DA:160,0
DA:161,0
DA:163,0
DA:165,0
DA:170,0
LF:57
LH:0
BRDA:20,0,0,0
BRDA:29,1,0,0
BRDA:31,2,0,0
BRDA:32,3,0,0
BRDA:33,4,0,0
BRDA:36,5,0,0
BRDA:36,5,1,0
BRDA:38,6,0,0
BRDA:38,6,1,0
BRDA:53,7,0,0
BRDA:53,7,1,0
BRDA:56,8,0,0
BRDA:56,8,1,0
BRDA:66,9,0,0
BRDA:66,9,1,0
BRDA:66,10,0,0
BRDA:66,10,1,0
BRDA:71,11,0,0
BRDA:71,11,1,0
BRDA:78,12,0,0
BRDA:78,12,1,0
BRDA:79,13,0,0
BRDA:79,13,1,0
BRDA:85,14,0,0
BRDA:85,14,1,0
BRDA:106,15,0,0
BRDA:109,16,0,0
BRDA:109,16,1,0
BRDA:111,17,0,0
BRDA:111,17,1,0
BRDA:120,18,0,0
BRDA:120,18,1,0
BRDA:123,19,0,0
BRDA:123,19,1,0
BRDA:125,20,0,0
BRDA:125,20,1,0
BRDA:141,21,0,0
BRDA:144,22,0,0
BRDA:144,22,1,0
BRDA:146,23,0,0
BRDA:146,23,1,0
BRDA:158,24,0,0
BRDA:158,24,1,0
BRDA:160,25,0,0
BRDA:160,25,1,0
BRDA:170,26,0,0
BRDA:170,26,1,0
BRF:47
BRH:0
end_of_record
TN:
SF:src/api/ocr.ts
FN:20,ocrExtract
FN:32,prepareCorpusFromText
FNF:2
FNH:0
FNDA:0,ocrExtract
FNDA:0,prepareCorpusFromText
DA:25,0
DA:26,0
DA:27,0
DA:28,0
DA:29,0
DA:33,0
LF:6
LH:0
BRDA:22,0,0,0
BRDA:25,1,0,0
BRDA:25,1,1,0
BRDA:26,2,0,0
BRDA:26,2,1,0
BRDA:28,3,0,0
BRDA:28,3,1,0
BRDA:32,4,0,0
BRDA:32,5,0,0
BRF:9
BRH:0
end_of_record
TN:
SF:src/components/DebugBanner.tsx
FN:7,DebugBanner
FN:11,(anonymous_1)
FN:13,(anonymous_2)
FN:21,(anonymous_3)
FNF:4
FNH:0
FNDA:0,DebugBanner
FNDA:0,(anonymous_1)
FNDA:0,(anonymous_2)
FNDA:0,(anonymous_3)
DA:8,0
DA:9,0
DA:11,0
DA:12,0
DA:13,0
DA:14,0
DA:15,0
DA:16,0
DA:21,0
DA:22,0
DA:26,0
DA:28,0
DA:29,0
DA:33,0
LF:14
LH:0
BRDA:7,0,0,0
BRDA:16,1,0,0
BRDA:16,1,1,0
BRDA:26,2,0,0
BRDA:26,2,1,0
BRDA:26,3,0,0
BRDA:26,3,1,0
BRDA:29,4,0,0
BRDA:29,4,1,0
BRDA:30,5,0,0
BRDA:30,5,1,0
BRDA:46,6,0,0
BRDA:46,6,1,0
BRF:13
BRH:0
end_of_record
TN:
SF:src/components/GenEnginePicker.tsx
FN:16,GenEnginePicker
FN:21,(anonymous_1)
FN:23,(anonymous_2)
FN:31,(anonymous_3)
FN:36,(anonymous_4)
FN:58,(anonymous_5)
FN:63,(anonymous_6)
FNF:7
FNH:0
FNDA:0,GenEnginePicker
FNDA:0,(anonymous_1)
FNDA:0,(anonymous_2)
FNDA:0,(anonymous_3)
FNDA:0,(anonymous_4)
FNDA:0,(anonymous_5)
FNDA:0,(anonymous_6)
DA:17,0
DA:18,0
DA:19,0
DA:21,0
DA:22,0
DA:23,0
DA:24,0
DA:25,0
DA:26,0
DA:28,0
DA:31,0
DA:32,0
DA:36,0
DA:37,0
DA:38,0
DA:39,0
DA:42,0
DA:43,0
DA:50,0
DA:59,0
DA:60,0
DA:63,0
LF:22
LH:0
BRDA:26,0,0,0
BRDA:26,0,1,0
BRDA:28,1,0,0
BRDA:28,1,1,0
BRDA:42,2,0,0
BRDA:42,2,1,0
BRDA:52,3,0,0
BRDA:52,3,1,0
BRDA:69,4,0,0
BRDA:69,4,1,0
BRDA:70,5,0,0
BRDA:70,5,1,0
BRDA:87,6,0,0
BRDA:87,6,1,0
BRDA:92,7,0,0
BRDA:92,7,1,0
BRF:16
BRH:0
end_of_record
TN:
SF:src/components/LocalStatusInline.tsx
FN:16,LocalStatusInline
FN:21,(anonymous_1)
FN:25,(anonymous_2)
FN:39,(anonymous_3)
FNF:4
FNH:0
FNDA:0,LocalStatusInline
FNDA:0,(anonymous_1)
FNDA:0,(anonymous_2)
FNDA:0,(anonymous_3)
DA:17,0
DA:18,0
DA:19,0
DA:21,0
DA:22,0
DA:25,0
DA:26,0
DA:27,0
DA:28,0
DA:29,0
DA:30,0
DA:32,0
DA:36,0
DA:37,0
DA:39,0
DA:40,0
DA:41,0
DA:46,0
DA:48,0
DA:54,0
LF:20
LH:0
BRDA:16,0,0,0
BRDA:16,1,0,0
BRDA:29,2,0,0
BRDA:29,2,1,0
BRDA:32,3,0,0
BRDA:32,3,1,0
BRDA:41,4,0,0
BRDA:41,4,1,0
BRDA:46,5,0,0
BRDA:46,5,1,0
BRDA:46,6,0,0
BRDA:46,6,1,0
BRDA:48,7,0,0
BRDA:48,7,1,0
BRDA:50,8,0,0
BRDA:50,8,1,0
BRDA:66,9,0,0
BRDA:66,9,1,0
BRDA:91,10,0,0
BRDA:91,10,1,0
BRDA:91,11,0,0
BRDA:91,11,1,0
BRF:22
BRH:0
end_of_record
TN:
SF:src/components/Toast.tsx
FN:19,useToast
FN:25,(anonymous_1)
FN:31,(anonymous_2)
FN:41,(anonymous_3)
FN:43,(anonymous_4)
FN:45,(anonymous_5)
FN:53,(anonymous_6)
FN:58,(anonymous_7)
FNF:8
FNH:2
FNDA:0,useToast
FNDA:1,(anonymous_1)
FNDA:0,(anonymous_2)
FNDA:0,(anonymous_3)
FNDA:0,(anonymous_4)
FNDA:0,(anonymous_5)
FNDA:0,(anonymous_6)
FNDA:1,(anonymous_7)
DA:17,1
DA:20,0
DA:21,0
DA:22,0
DA:25,1
DA:26,1
DA:27,1
DA:28,1
DA:29,1
DA:31,1
DA:32,0
DA:33,0
DA:35,0
DA:36,0
DA:37,0
DA:39,0
DA:41,0
DA:42,0
DA:43,0
DA:45,0
DA:46,0
DA:47,0
DA:53,1
DA:54,0
DA:55,0
DA:58,1
DA:60,1
DA:61,1
DA:63,1
DA:86,1
LF:30
LH:13
BRDA:21,0,0,0
BRDA:21,0,1,0
BRDA:32,1,0,0
BRDA:32,1,1,0
BRDA:33,2,0,0
BRDA:33,2,1,0
BRDA:42,3,0,0
BRDA:42,3,1,0
BRDA:53,4,0,0
BRDA:55,5,0,0
BRDA:55,5,1,0
BRDA:69,6,0,1
BRDA:69,6,1,0
BRF:13
BRH:1
end_of_record
TN:
SF:src/constants/env.ts
FNF:0
FNH:0
DA:6,1
DA:8,1
DA:15,1
LF:3
LH:3
BRDA:6,0,0,1
BRDA:6,0,1,1
BRDA:9,1,0,1
BRDA:9,1,1,1
BRDA:15,2,0,1
BRDA:15,2,1,1
BRF:6
BRH:6
end_of_record
TN:
SF:src/constants/genEngine.ts
FNF:0
FNH:0
DA:7,1
DA:10,1
LF:2
LH:2
BRF:0
BRH:0
end_of_record
TN:
SF:src/constants/storage.ts
FN:19,getOcrEngine
FN:25,setOcrEngine
FN:30,getGenEngine
FN:36,setGenEngine
FNF:4
FNH:0
FNDA:0,getOcrEngine
FNDA:0,setOcrEngine
FNDA:0,getGenEngine
FNDA:0,setGenEngine
DA:8,1
DA:20,0
DA:21,0
DA:26,0
DA:31,0
DA:32,0
DA:37,0
LF:7
LH:1
BRDA:21,0,0,0
BRDA:21,0,1,0
BRDA:21,1,0,0
BRDA:21,1,1,0
BRDA:32,2,0,0
BRDA:32,2,1,0
BRDA:32,3,0,0
BRDA:32,3,1,0
BRDA:32,3,2,0
BRDA:32,3,3,0
BRF:10
BRH:0
end_of_record
TN:
SF:src/features/ask/alerts.ts
FN:5,alertEmptyQuestion
FN:13,alertAskFailed
FNF:2
FNH:0
FNDA:0,alertEmptyQuestion
FNDA:0,alertAskFailed
DA:6,0
DA:14,0
LF:2
LH:0
BRDA:17,0,0,0
BRDA:17,0,1,0
BRDA:17,0,2,0
BRF:3
BRH:0
end_of_record
TN:
SF:src/features/ocr/MultiPageScan.tsx
FN:59,MultiPageScan
FN:65,(anonymous_1)
FN:66,(anonymous_2)
FN:76,(anonymous_3)
FN:77,(anonymous_4)
FN:112,(anonymous_5)
FN:114,(anonymous_6)
FN:128,(anonymous_7)
FN:132,(anonymous_8)
FN:140,maybeDownscaleAsset
FN:186,(anonymous_10)
FN:191,(anonymous_11)
FN:203,(anonymous_12)
FN:204,(anonymous_13)
FN:204,(anonymous_14)
FN:206,(anonymous_15)
FN:207,(anonymous_16)
FN:215,(anonymous_17)
FN:221,(anonymous_18)
FN:234,(anonymous_19)
FN:236,(anonymous_20)
FN:247,(anonymous_21)
FN:291,(anonymous_22)
FN:296,(anonymous_23)
FN:338,(anonymous_24)
FN:374,(anonymous_25)
FN:383,(anonymous_26)
FN:399,(anonymous_27)
FN:419,(anonymous_28)
FN:451,(anonymous_29)
FN:460,(anonymous_30)
FN:511,(anonymous_31)
FN:540,(anonymous_32)
FN:570,(anonymous_33)
FN:584,(anonymous_34)
FN:610,(anonymous_35)
FN:623,(anonymous_36)
FN:688,(anonymous_37)
FN:694,(anonymous_38)
FN:726,(anonymous_39)
FNF:40
FNH:0
FNDA:0,MultiPageScan
FNDA:0,(anonymous_1)
FNDA:0,(anonymous_2)
FNDA:0,(anonymous_3)
FNDA:0,(anonymous_4)
FNDA:0,(anonymous_5)
FNDA:0,(anonymous_6)
FNDA:0,(anonymous_7)
FNDA:0,(anonymous_8)
FNDA:0,maybeDownscaleAsset
FNDA:0,(anonymous_10)
FNDA:0,(anonymous_11)
FNDA:0,(anonymous_12)
FNDA:0,(anonymous_13)
FNDA:0,(anonymous_14)
FNDA:0,(anonymous_15)
FNDA:0,(anonymous_16)
FNDA:0,(anonymous_17)
FNDA:0,(anonymous_18)
FNDA:0,(anonymous_19)
FNDA:0,(anonymous_20)
FNDA:0,(anonymous_21)
FNDA:0,(anonymous_22)
FNDA:0,(anonymous_23)
FNDA:0,(anonymous_24)
FNDA:0,(anonymous_25)
FNDA:0,(anonymous_26)
FNDA:0,(anonymous_27)
FNDA:0,(anonymous_28)
FNDA:0,(anonymous_29)
FNDA:0,(anonymous_30)
FNDA:0,(anonymous_31)
FNDA:0,(anonymous_32)
FNDA:0,(anonymous_33)
FNDA:0,(anonymous_34)
FNDA:0,(anonymous_35)
FNDA:0,(anonymous_36)
FNDA:0,(anonymous_37)
FNDA:0,(anonymous_38)
FNDA:0,(anonymous_39)
DA:27,1
DA:60,0
DA:61,0
DA:62,0
DA:63,0
DA:65,0
DA:66,0
DA:67,0
DA:68,0
DA:69,0
DA:70,0
DA:76,0
DA:77,0
DA:78,0
DA:79,0
DA:80,0
DA:81,0
DA:83,0
DA:84,0
DA:85,0
DA:86,0
DA:94,0
DA:95,0
DA:96,0
DA:97,0
DA:98,0
DA:99,0
DA:100,0
DA:101,0
DA:102,0
DA:104,0
DA:105,0
DA:107,0
DA:109,0
DA:112,0
DA:113,0
DA:114,0
DA:115,0
DA:116,0
DA:117,0
DA:118,0
DA:119,0
DA:122,0
DA:123,0
DA:124,0
DA:128,0
DA:132,0
DA:133,0
DA:134,0
DA:135,0
DA:136,0
DA:137,0
DA:141,0
DA:142,0
DA:143,0
DA:144,0
DA:146,0
DA:147,0
DA:150,0
DA:151,0
DA:152,0
DA:153,0
DA:154,0
DA:155,0
DA:162,0
DA:169,0
DA:183,0
DA:186,0
DA:187,0
DA:188,0
DA:189,0
DA:190,0
DA:191,0
DA:194,0
DA:203,0
DA:204,0
DA:206,0
DA:207,0
DA:208,0
DA:209,0
DA:210,0
DA:211,0
DA:212,0
DA:215,0
DA:216,0
DA:217,0
DA:218,0
DA:219,0
DA:220,0
DA:221,0
DA:222,0
DA:223,0
DA:224,0
DA:227,0
DA:234,0
DA:235,0
DA:236,0
DA:237,0
DA:244,0
DA:247,0
DA:248,0
DA:249,0
DA:250,0
DA:251,0
DA:253,0
DA:257,0
DA:258,0
DA:259,0
DA:263,0
DA:264,0
DA:266,0
DA:268,0
DA:273,0
DA:274,0
DA:275,0
DA:276,0
DA:277,0
DA:278,0
DA:279,0
DA:282,0
DA:287,0
DA:291,0
DA:292,0
DA:293,0
DA:294,0
DA:296,0
DA:298,0
DA:299,0
DA:301,0
DA:302,0
DA:307,0
DA:309,0
DA:310,0
DA:313,0
DA:315,0
DA:320,0
DA:321,0
DA:322,0
DA:323,0
DA:324,0
DA:325,0
DA:326,0
DA:329,0
DA:334,0
DA:338,0
DA:339,0
DA:340,0
DA:341,0
DA:345,0
DA:347,0
DA:348,0
DA:349,0
DA:350,0
DA:351,0
DA:353,0
DA:355,0
DA:360,0
DA:361,0
DA:362,0
DA:363,0
DA:364,0
DA:365,0
DA:366,0
DA:368,0
DA:370,0
DA:374,0
DA:375,0
DA:384,0
DA:385,0
DA:386,0
DA:387,0
DA:388,0
DA:389,0
DA:390,0
DA:391,0
DA:399,0
DA:400,0
DA:401,0
DA:402,0
DA:403,0
DA:405,0
DA:406,0
DA:407,0
DA:410,0
DA:412,0
DA:414,0
DA:419,0
DA:420,0
DA:421,0
DA:422,0
DA:423,0
DA:425,0
DA:426,0
DA:427,0
DA:430,0
DA:432,0
DA:434,0
DA:438,0
DA:451,0
DA:460,0
DA:512,0
DA:513,0
DA:514,0
DA:540,0
DA:570,0
DA:584,0
DA:610,0
DA:623,0
DA:688,0
DA:694,0
DA:727,0
DA:728,0
DA:729,0
LF:213
LH:1
BRDA:69,0,0,0
BRDA:69,0,1,0
BRDA:69,1,0,0
BRDA:69,1,1,0
BRDA:80,2,0,0
BRDA:80,2,1,0
BRDA:80,3,0,0
BRDA:80,3,1,0
BRDA:83,4,0,0
BRDA:83,4,1,0
BRDA:84,5,0,0
BRDA:84,5,1,0
BRDA:109,6,0,0
BRDA:109,6,1,0
BRDA:109,6,2,0
BRDA:117,7,0,0
BRDA:117,7,1,0
BRDA:119,8,0,0
BRDA:119,8,1,0
BRDA:122,9,0,0
BRDA:122,9,1,0
BRDA:124,10,0,0
BRDA:124,10,1,0
BRDA:132,11,0,0
BRDA:132,12,0,0
BRDA:132,13,0,0
BRDA:133,14,0,0
BRDA:133,14,1,0
BRDA:134,15,0,0
BRDA:134,15,1,0
BRDA:134,16,0,0
BRDA:134,16,1,0
BRDA:135,17,0,0
BRDA:135,17,1,0
BRDA:135,18,0,0
BRDA:135,18,1,0
BRDA:136,19,0,0
BRDA:136,19,1,0
BRDA:136,20,0,0
BRDA:136,20,1,0
BRDA:151,21,0,0
BRDA:151,21,1,0
BRDA:151,22,0,0
BRDA:151,22,1,0
BRDA:153,23,0,0
BRDA:153,23,1,0
BRDA:173,24,0,0
BRDA:173,24,1,0
BRDA:174,25,0,0
BRDA:174,25,1,0
BRDA:178,26,0,0
BRDA:178,26,1,0
BRDA:189,27,0,0
BRDA:189,27,1,0
BRDA:195,28,0,0
BRDA:195,28,1,0
BRDA:197,29,0,0
BRDA:197,29,1,0
BRDA:198,30,0,0
BRDA:198,30,1,0
BRDA:208,31,0,0
BRDA:208,31,1,0
BRDA:208,32,0,0
BRDA:208,32,1,0
BRDA:216,33,0,0
BRDA:216,33,1,0
BRDA:219,34,0,0
BRDA:219,34,1,0
BRDA:229,35,0,0
BRDA:229,35,1,0
BRDA:240,36,0,0
BRDA:240,36,1,0
BRDA:241,37,0,0
BRDA:241,37,1,0
BRDA:248,38,0,0
BRDA:248,38,1,0
BRDA:254,39,0,0
BRDA:254,39,1,0
BRDA:257,40,0,0
BRDA:257,40,1,0
BRDA:266,41,0,0
BRDA:266,41,1,0
BRDA:268,42,0,0
BRDA:268,42,1,0
BRDA:268,42,2,0
BRDA:268,42,3,0
BRDA:274,43,0,0
BRDA:274,43,1,0
BRDA:276,44,0,0
BRDA:276,44,1,0
BRDA:278,45,0,0
BRDA:278,45,1,0
BRDA:283,46,0,0
BRDA:283,46,1,0
BRDA:292,47,0,0
BRDA:292,47,1,0
BRDA:299,48,0,0
BRDA:299,48,1,0
BRDA:301,49,0,0
BRDA:301,49,1,0
BRDA:301,50,0,0
BRDA:301,50,1,0
BRDA:303,51,0,0
BRDA:303,51,1,0
BRDA:309,52,0,0
BRDA:309,52,1,0
BRDA:310,53,0,0
BRDA:310,53,1,0
BRDA:313,54,0,0
BRDA:313,54,1,0
BRDA:315,55,0,0
BRDA:315,55,1,0
BRDA:315,55,2,0
BRDA:315,55,3,0
BRDA:321,56,0,0
BRDA:321,56,1,0
BRDA:323,57,0,0
BRDA:323,57,1,0
BRDA:325,58,0,0
BRDA:325,58,1,0
BRDA:330,59,0,0
BRDA:330,59,1,0
BRDA:339,60,0,0
BRDA:339,60,1,0
BRDA:340,61,0,0
BRDA:340,61,1,0
BRDA:353,62,0,0
BRDA:353,62,1,0
BRDA:355,63,0,0
BRDA:355,63,1,0
BRDA:355,63,2,0
BRDA:355,63,3,0
BRDA:361,64,0,0
BRDA:361,64,1,0
BRDA:363,65,0,0
BRDA:363,65,1,0
BRDA:365,66,0,0
BRDA:365,66,1,0
BRDA:368,67,0,0
BRDA:368,67,1,0
BRDA:400,68,0,0
BRDA:400,68,1,0
BRDA:401,69,0,0
BRDA:401,69,1,0
BRDA:410,70,0,0
BRDA:410,70,1,0
BRDA:412,71,0,0
BRDA:412,71,1,0
BRDA:420,72,0,0
BRDA:420,72,1,0
BRDA:421,73,0,0
BRDA:421,73,1,0
BRDA:430,74,0,0
BRDA:430,74,1,0
BRDA:432,75,0,0
BRDA:432,75,1,0
BRDA:445,76,0,0
BRDA:445,76,1,0
BRDA:449,77,0,0
BRDA:449,77,1,0
BRDA:453,78,0,0
BRDA:453,78,1,0
BRDA:458,79,0,0
BRDA:458,79,1,0
BRDA:462,80,0,0
BRDA:462,80,1,0
BRDA:474,81,0,0
BRDA:474,81,1,0
BRDA:481,82,0,0
BRDA:481,82,1,0
BRDA:485,83,0,0
BRDA:485,83,1,0
BRDA:487,84,0,0
BRDA:487,84,1,0
BRDA:488,85,0,0
BRDA:488,85,1,0
BRDA:491,86,0,0
BRDA:491,86,1,0
BRDA:502,87,0,0
BRDA:502,87,1,0
BRDA:515,88,0,0
BRDA:515,88,1,0
BRDA:515,88,2,0
BRDA:571,89,0,0
BRDA:571,89,1,0
BRDA:573,90,0,0
BRDA:573,90,1,0
BRDA:573,91,0,0
BRDA:573,91,1,0
BRDA:585,92,0,0
BRDA:585,92,1,0
BRDA:587,93,0,0
BRDA:587,93,1,0
BRDA:587,94,0,0
BRDA:587,94,1,0
BRDA:601,95,0,0
BRDA:601,95,1,0
BRDA:611,96,0,0
BRDA:611,96,1,0
BRDA:616,97,0,0
BRDA:616,97,1,0
BRDA:624,98,0,0
BRDA:624,98,1,0
BRDA:629,99,0,0
BRDA:629,99,1,0
BRDA:639,100,0,0
BRDA:639,100,1,0
BRDA:639,100,2,0
BRDA:640,101,0,0
BRDA:640,101,1,0
BRDA:644,102,0,0
BRDA:644,102,1,0
BRDA:653,103,0,0
BRDA:653,103,1,0
BRDA:658,104,0,0
BRDA:658,104,1,0
BRDA:667,105,0,0
BRDA:667,105,1,0
BRDA:670,106,0,0
BRDA:670,106,1,0
BRDA:678,107,0,0
BRDA:678,107,1,0
BRDA:682,108,0,0
BRDA:682,108,1,0
BRDA:688,109,0,0
BRDA:688,109,1,0
BRDA:694,110,0,0
BRDA:694,110,1,0
BRDA:694,111,0,0
BRDA:694,111,1,0
BRDA:703,112,0,0
BRDA:703,112,1,0
BRDA:710,113,0,0
BRDA:710,113,1,0
BRDA:710,114,0,0
BRDA:710,114,1,0
BRDA:710,114,2,0
BRDA:713,115,0,0
BRDA:713,115,1,0
BRDA:714,116,0,0
BRDA:714,116,1,0
BRDA:724,117,0,0
BRDA:724,117,1,0
BRDA:724,118,0,0
BRDA:724,118,1,0
BRDA:727,119,0,0
BRDA:727,119,1,0
BRDA:728,120,0,0
BRDA:728,120,1,0
BRDA:730,121,0,0
BRDA:730,121,1,0
BRDA:731,122,0,0
BRDA:731,122,1,0
BRDA:733,123,0,0
BRDA:733,123,1,0
BRDA:744,124,0,0
BRDA:744,124,1,0
BRDA:744,124,2,0
BRDA:745,125,0,0
BRDA:745,125,1,0
BRDA:747,126,0,0
BRDA:747,126,1,0
BRDA:756,127,0,0
BRDA:756,127,1,0
BRDA:756,127,2,0
BRDA:757,128,0,0
BRDA:757,128,1,0
BRDA:759,129,0,0
BRDA:759,129,1,0
BRDA:768,130,0,0
BRDA:768,130,1,0
BRDA:777,131,0,0
BRDA:777,131,1,0
BRDA:788,132,0,0
BRDA:788,132,1,0
BRDA:791,133,0,0
BRDA:791,133,1,0
BRDA:798,134,0,0
BRDA:798,134,1,0
BRDA:804,135,0,0
BRDA:804,135,1,0
BRF:281
BRH:0
end_of_record
TN:
SF:src/features/ocr/OcrSessionContext.tsx
FN:36,OcrSessionProvider
FN:42,(anonymous_1)
FN:43,(anonymous_2)
FN:46,(anonymous_3)
FN:47,(anonymous_4)
FN:50,(anonymous_5)
FN:55,(anonymous_6)
FN:56,(anonymous_7)
FN:56,(anonymous_8)
FN:60,(anonymous_9)
FN:64,(anonymous_10)
FN:69,(anonymous_11)
FN:90,useOcrSession
FNF:13
FNH:0
FNDA:0,OcrSessionProvider
FNDA:0,(anonymous_1)
FNDA:0,(anonymous_2)
FNDA:0,(anonymous_3)
FNDA:0,(anonymous_4)
FNDA:0,(anonymous_5)
FNDA:0,(anonymous_6)
FNDA:0,(anonymous_7)
FNDA:0,(anonymous_8)
FNDA:0,(anonymous_9)
FNDA:0,(anonymous_10)
FNDA:0,(anonymous_11)
FNDA:0,useOcrSession
DA:34,0
DA:37,0
DA:38,0
DA:39,0
DA:40,0
DA:42,0
DA:43,0
DA:46,0
DA:47,0
DA:50,0
DA:51,0
DA:52,0
DA:55,0
DA:56,0
DA:60,0
DA:61,0
DA:64,0
DA:65,0
DA:68,0
DA:69,0
DA:87,0
DA:91,0
DA:92,0
DA:93,0
DA:95,0
LF:25
LH:0
BRDA:47,0,0,0
BRDA:47,0,1,0
BRDA:56,1,0,0
BRDA:56,1,1,0
BRDA:92,2,0,0
BRDA:92,2,1,0
BRF:6
BRH:0
end_of_record
TN:
SF:src/features/ocr/pickImage.ts
FN:17,pickImageAsFormData
FN:24,pickImageAsset
FN:53,buildFormDataFromAssets
FN:55,(anonymous_3)
FNF:4
FNH:0
FNDA:0,pickImageAsFormData
FNDA:0,pickImageAsset
FNDA:0,buildFormDataFromAssets
FNDA:0,(anonymous_3)
DA:18,0
DA:19,0
DA:20,0
DA:25,0
DA:26,0
DA:27,0
DA:29,0
DA:30,0
DA:33,0
DA:41,0
DA:45,0
DA:46,0
DA:54,0
DA:55,0
DA:56,0
DA:62,0
LF:16
LH:0
BRDA:19,0,0,0
BRDA:19,0,1,0
BRDA:25,1,0,0
BRDA:25,1,1,0
BRDA:27,2,0,0
BRDA:27,2,1,0
BRDA:30,3,0,0
BRDA:30,3,1,0
BRDA:41,4,0,0
BRDA:41,4,1,0
BRDA:45,5,0,0
BRDA:45,5,1,0
BRDA:45,6,0,0
BRDA:45,6,1,0
BRDA:58,7,0,0
BRDA:58,7,1,0
BRDA:59,8,0,0
BRDA:59,8,1,0
BRF:18
BRH:0
end_of_record
TN:
SF:src/features/upload/alerts.ts
FN:9,alertUploadFailed
FN:18,alertEmpty
FN:25,alertUnsupported
FN:32,alertTooLarge
FNF:4
FNH:0
FNDA:0,alertUploadFailed
FNDA:0,alertEmpty
FNDA:0,alertUnsupported
FNDA:0,alertTooLarge
DA:10,0
DA:19,0
DA:26,0
DA:33,0
LF:4
LH:0
BRDA:13,0,0,0
BRDA:13,0,1,0
BRDA:13,0,2,0
BRF:3
BRH:0
end_of_record
TN:
SF:src/hooks/useLocalEmbeddings.ts
FN:9,useLocalEmbeddings
FN:16,(anonymous_1)
FN:18,(anonymous_2)
FN:25,(anonymous_3)
FN:31,(anonymous_4)
FN:46,(anonymous_5)
FN:51,(anonymous_6)
FNF:7
FNH:4
FNDA:4,useLocalEmbeddings
FNDA:1,(anonymous_1)
FNDA:1,(anonymous_2)
FNDA:1,(anonymous_3)
FNDA:0,(anonymous_4)
FNDA:0,(anonymous_5)
FNDA:0,(anonymous_6)
DA:10,4
DA:11,4
DA:12,4
DA:13,4
DA:16,4
DA:17,1
DA:18,1
DA:19,1
DA:20,1
DA:21,0
DA:22,0
DA:23,0
DA:25,1
DA:26,1
DA:31,4
DA:32,0
DA:33,0
DA:34,0
DA:35,0
DA:36,0
DA:37,0
DA:38,0
DA:40,0
DA:45,4
DA:47,0
DA:48,0
DA:49,0
DA:50,0
DA:51,0
DA:60,4
LF:30
LH:14
BRDA:20,0,0,1
BRDA:20,0,1,0
BRDA:20,1,0,1
BRDA:20,1,1,1
BRDA:46,2,0,0
BRDA:47,3,0,0
BRDA:47,3,1,0
BRF:7
BRH:3
end_of_record
TN:
SF:src/lib/agentic.ts
FN:8,isOffline
FN:13,isLowConfidence
FN:19,lowConfidenceI18nKey
FN:24,offlineAnswerI18nKey
FN:29,answerDisplayNote
FNF:5
FNH:1
FNDA:3,isOffline
FNDA:0,isLowConfidence
FNDA:0,lowConfidenceI18nKey
FNDA:0,offlineAnswerI18nKey
FNDA:0,answerDisplayNote
DA:9,3
DA:14,0
DA:15,0
DA:20,0
DA:25,0
DA:30,0
LF:6
LH:1
BRDA:14,0,0,0
BRDA:14,0,1,0
BRDA:15,1,0,0
BRDA:15,1,1,0
BRF:4
BRH:0
end_of_record
TN:
SF:src/lib/api.ts
FN:44,ocrExtract
FN:70,ocrExtractPages
FN:81,query
FN:115,fallback
FN:119,answerFromChunk
FN:134,answerFromFallbackChunk
FN:141,health
FN:148,prepareCorpusFromText
FN:177,ocrExtractPagesSmart
FN:188,(anonymous_9)
FN:193,(anonymous_10)
FNF:11
FNH:1
FNDA:0,ocrExtract
FNDA:0,ocrExtractPages
FNDA:1,query
FNDA:0,fallback
FNDA:0,answerFromChunk
FNDA:0,answerFromFallbackChunk
FNDA:0,health
FNDA:0,prepareCorpusFromText
FNDA:0,ocrExtractPagesSmart
FNDA:0,(anonymous_9)
FNDA:0,(anonymous_10)
DA:49,0
DA:53,0
DA:55,0
DA:56,0
DA:58,0
DA:60,0
DA:74,0
DA:75,0
DA:76,0
DA:77,0
DA:78,0
DA:83,1
DA:84,0
DA:85,0
DA:86,0
DA:98,0
DA:99,0
DA:112,1
DA:116,0
DA:123,0
DA:124,0
DA:125,0
DA:131,0
DA:138,0
DA:142,0
DA:154,0
DA:155,0
DA:156,0
DA:157,0
DA:158,0
DA:162,0
DA:182,0
DA:183,0
DA:184,0
DA:185,0
DA:186,0
DA:187,0
DA:188,0
DA:189,0
DA:190,0
DA:191,0
DA:193,0
DA:203,0
DA:204,0
LF:44
LH:2
BRDA:49,0,0,0
BRDA:49,0,1,0
BRDA:53,1,0,0
BRDA:53,1,1,0
BRDA:55,2,0,0
BRDA:55,2,1,0
BRDA:56,3,0,0
BRDA:56,3,1,0
BRDA:75,4,0,0
BRDA:75,4,1,0
BRDA:76,5,0,0
BRDA:76,5,1,0
BRDA:77,6,0,0
BRDA:77,6,1,0
BRDA:83,7,0,0
BRDA:83,7,1,1
BRDA:85,8,0,0
BRDA:85,8,1,0
BRDA:123,9,0,0
BRDA:123,9,1,0
BRDA:150,10,0,0
BRDA:151,11,0,0
BRDA:154,12,0,0
BRDA:154,12,1,0
BRDA:185,13,0,0
BRDA:185,13,1,0
BRDA:189,14,0,0
BRDA:189,14,1,0
BRDA:190,15,0,0
BRDA:190,15,1,0
BRDA:193,16,0,0
BRDA:193,16,1,0
BRDA:195,17,0,0
BRDA:195,17,1,0
BRF:34
BRH:1
end_of_record
TN:
SF:src/lib/client.ts
FN:9,apiUrl
FN:14,getJSON
FN:27,postJSON
FN:55,postFormData
FNF:4
FNH:3
FNDA:3,apiUrl
FNDA:0,getJSON
FNDA:1,postJSON
FNDA:1,postFormData
DA:7,2
DA:10,3
DA:11,3
DA:18,0
DA:23,0
DA:24,0
DA:32,1
DA:35,1
DA:37,1
DA:49,1
DA:51,1
DA:52,1
DA:60,1
DA:65,1
DA:67,1
DA:68,1
DA:69,0
DA:71,1
DA:72,1
DA:74,0
DA:75,0
DA:76,0
DA:78,0
DA:83,2
DA:85,2
LF:25
LH:17
BRDA:10,0,0,3
BRDA:10,0,1,0
BRDA:16,1,0,0
BRDA:20,2,0,0
BRDA:20,2,1,0
BRDA:23,3,0,0
BRDA:23,3,1,0
BRDA:30,4,0,1
BRDA:42,5,0,1
BRDA:42,5,1,1
BRDA:51,6,0,0
BRDA:51,6,1,1
BRDA:58,7,0,1
BRDA:63,8,0,1
BRDA:63,8,1,0
BRDA:65,9,0,0
BRDA:65,9,1,1
BRDA:67,10,0,1
BRDA:67,10,1,0
BRDA:68,11,0,0
BRDA:68,11,1,1
BRDA:68,12,0,1
BRDA:68,12,1,1
BRDA:71,13,0,1
BRDA:71,13,1,0
BRDA:83,14,0,2
BRDA:83,14,1,0
BRF:27
BRH:14
end_of_record
TN:
SF:src/lib/embeddings.ts
FN:13,ensureModel
FN:16,(anonymous_1)
FN:24,embedOne
FN:30,embedMany
FN:48,_resetEmbeddingsForTests
FNF:5
FNH:0
FNDA:0,ensureModel
FNDA:0,(anonymous_1)
FNDA:0,embedOne
FNDA:0,embedMany
FNDA:0,_resetEmbeddingsForTests
DA:9,1
DA:10,1
DA:14,0
DA:15,0
DA:16,0
DA:17,0
DA:18,0
DA:20,0
DA:25,0
DA:26,0
DA:31,0
DA:32,0
DA:33,0
DA:34,0
DA:35,0
DA:36,0
DA:37,0
DA:38,0
DA:39,0
DA:40,0
DA:41,0
DA:43,0
DA:44,0
DA:49,0
DA:50,0
LF:25
LH:2
BRDA:14,0,0,0
BRDA:14,0,1,0
BRDA:15,1,0,0
BRDA:15,1,1,0
BRDA:31,2,0,0
BRDA:31,2,1,0
BRF:6
BRH:0
end_of_record
TN:
SF:src/lib/generate.ts
FN:6,generateAnswer
FNF:1
FNH:0
FNDA:0,generateAnswer
DA:7,0
DA:8,0
DA:9,0
DA:17,0
LF:4
LH:0
BRDA:7,0,0,0
BRDA:7,0,1,0
BRDA:8,1,0,0
BRDA:8,1,1,0
BRF:4
BRH:0
end_of_record
TN:
SF:src/lib/imagePicker.ts
FN:12,toFormDataFromAsset
FN:35,pickImageAsFormData
FNF:2
FNH:0
FNDA:0,toFormDataFromAsset
FNDA:0,pickImageAsFormData
DA:13,0
DA:14,0
DA:16,0
DA:20,0
DA:21,0
DA:27,0
DA:38,0
DA:39,0
DA:40,0
DA:41,0
DA:47,0
DA:48,0
DA:50,0
DA:51,0
DA:52,0
DA:58,0
DA:59,0
LF:17
LH:0
BRDA:16,0,0,0
BRDA:16,0,1,0
BRDA:16,0,2,0
BRDA:18,1,0,0
BRDA:18,1,1,0
BRDA:18,1,2,0
BRDA:20,2,0,0
BRDA:20,2,1,0
BRDA:38,3,0,0
BRDA:38,3,1,0
BRDA:40,4,0,0
BRDA:40,4,1,0
BRDA:47,5,0,0
BRDA:47,5,1,0
BRDA:47,6,0,0
BRDA:47,6,1,0
BRDA:51,7,0,0
BRDA:51,7,1,0
BRDA:58,8,0,0
BRDA:58,8,1,0
BRDA:58,9,0,0
BRDA:58,9,1,0
BRF:22
BRH:0
end_of_record
TN:
SF:src/lib/localStore.ts
FN:16,saveLocalCorpus
FN:26,loadLocalCorpus
FN:39,clearLocalCorpus
FNF:3
FNH:1
FNDA:0,saveLocalCorpus
FNDA:1,loadLocalCorpus
FNDA:0,clearLocalCorpus
DA:7,2
DA:17,0
DA:22,0
DA:27,1
DA:28,1
DA:29,1
DA:30,0
DA:31,0
DA:32,0
DA:34,0
DA:40,0
LF:11
LH:4
BRDA:29,0,0,1
BRDA:29,0,1,0
BRDA:31,1,0,0
BRDA:31,1,1,0
BRDA:31,2,0,0
BRDA:31,2,1,0
BRF:6
BRH:1
end_of_record
TN:
SF:src/lib/ocrLocal.ts
FN:23,mlkitExtractPages
FN:37,(anonymous_1)
FNF:2
FNH:0
FNDA:0,mlkitExtractPages
FNDA:0,(anonymous_1)
DA:27,0
DA:28,0
DA:29,0
DA:30,0
DA:31,0
DA:32,0
DA:34,0
DA:37,0
DA:38,0
LF:9
LH:0
BRDA:31,0,0,0
BRDA:31,0,1,0
BRDA:34,1,0,0
BRDA:34,1,1,0
BRDA:37,2,0,0
BRDA:37,2,1,0
BRF:6
BRH:0
end_of_record
TN:
SF:src/lib/pipeline.ts
FN:5,makeDocId
FN:18,buildLocalCorpus
FNF:2
FNH:0
FNDA:0,makeDocId
FNDA:0,buildLocalCorpus
DA:6,0
DA:7,0
DA:8,0
DA:9,0
DA:11,0
DA:23,0
DA:24,0
DA:25,0
DA:32,0
DA:33,0
LF:10
LH:0
BRF:0
BRH:0
end_of_record
TN:
SF:src/lib/similarity.ts
FN:4,dot
FN:11,norm
FN:17,cosine
FN:22,normalise
FN:34,cosineMatrixQuery
FN:36,(anonymous_5)
FN:40,topKIndices
FN:43,(anonymous_7)
FN:51,(anonymous_8)
FN:54,(anonymous_9)
FNF:10
FNH:0
FNDA:0,dot
FNDA:0,norm
FNDA:0,cosine
FNDA:0,normalise
FNDA:0,cosineMatrixQuery
FNDA:0,(anonymous_5)
FNDA:0,topKIndices
FNDA:0,(anonymous_7)
FNDA:0,(anonymous_8)
FNDA:0,(anonymous_9)
DA:5,0
DA:6,0
DA:7,0
DA:8,0
DA:12,0
DA:13,0
DA:14,0
DA:18,0
DA:23,0
DA:24,0
DA:25,0
DA:35,0
DA:36,0
DA:41,0
DA:42,0
DA:43,0
DA:46,0
DA:47,0
DA:48,0
DA:49,0
DA:50,0
DA:51,0
DA:52,0
DA:53,0
DA:54,0
DA:57,0
LF:26
LH:0
BRDA:14,0,0,0
BRDA:14,0,1,0
BRDA:42,1,0,0
BRDA:42,1,1,0
BRDA:49,2,0,0
BRDA:49,2,1,0
BRDA:52,3,0,0
BRDA:52,3,1,0
BRF:8
BRH:0
end_of_record
TN:
SF:src/lib/snapshot.ts
FN:14,saveCorpusSnapshot
FN:22,loadCorpusSnapshot
FN:31,deleteCorpusSnapshot
FNF:3
FNH:0
FNDA:0,saveCorpusSnapshot
FNDA:0,loadCorpusSnapshot
FNDA:0,deleteCorpusSnapshot
DA:15,0
DA:16,0
DA:17,0
DA:18,0
DA:23,0
DA:24,0
DA:25,0
DA:26,0
DA:27,0
DA:32,0
DA:33,0
DA:34,0
LF:12
LH:0
BRDA:25,0,0,0
BRDA:25,0,1,0
BRDA:34,1,0,0
BRDA:34,1,1,0
BRF:4
BRH:0
end_of_record
TN:
SF:src/lib/splitter.ts
FN:22,splitDeterministic
FN:30,(anonymous_1)
FN:31,(anonymous_2)
FN:33,(anonymous_3)
FN:43,(anonymous_4)
FN:58,(anonymous_5)
FN:107,makeChunks
FN:120,(anonymous_7)
FNF:8
FNH:0
FNDA:0,splitDeterministic
FNDA:0,(anonymous_1)
FNDA:0,(anonymous_2)
FNDA:0,(anonymous_3)
FNDA:0,(anonymous_4)
FNDA:0,(anonymous_5)
FNDA:0,makeChunks
FNDA:0,(anonymous_7)
DA:23,0
DA:24,0
DA:27,0
DA:28,0
DA:30,0
DA:31,0
DA:33,0
DA:35,0
DA:36,0
DA:37,0
DA:38,0
DA:39,0
DA:43,0
DA:45,0
DA:46,0
DA:47,0
DA:49,0
DA:52,0
DA:53,0
DA:55,0
DA:57,0
DA:58,0
DA:59,0
DA:60,0
DA:61,0
DA:65,0
DA:66,0
DA:67,0
DA:71,0
DA:72,0
DA:74,0
DA:75,0
DA:76,0
DA:77,0
DA:78,0
DA:82,0
DA:86,0
DA:87,0
DA:90,0
DA:108,0
DA:109,0
DA:110,0
DA:111,0
DA:113,0
DA:115,0
DA:116,0
DA:117,0
DA:118,0
DA:120,0
DA:121,0
DA:122,0
DA:124,0
DA:125,0
DA:126,0
DA:134,0
DA:137,0
LF:56
LH:0
BRDA:35,0,0,0
BRDA:35,0,1,0
BRDA:36,1,0,0
BRDA:36,1,1,0
BRDA:37,2,0,0
BRDA:37,2,1,0
BRDA:46,3,0,0
BRDA:46,3,1,0
BRDA:49,4,0,0
BRDA:49,4,1,0
BRDA:55,5,0,0
BRDA:55,5,1,0
BRDA:55,6,0,0
BRDA:55,6,1,0
BRDA:55,6,2,0
BRDA:57,7,0,0
BRDA:57,7,1,0
BRDA:60,8,0,0
BRDA:60,8,1,0
BRDA:61,9,0,0
BRDA:61,9,1,0
BRDA:65,10,0,0
BRDA:65,10,1,0
BRDA:65,11,0,0
BRDA:65,11,1,0
BRDA:65,11,2,0
BRDA:71,12,0,0
BRDA:71,12,1,0
BRDA:71,13,0,0
BRDA:71,13,1,0
BRDA:71,13,2,0
BRDA:75,14,0,0
BRDA:75,14,1,0
BRDA:86,15,0,0
BRDA:86,15,1,0
BRDA:113,16,0,0
BRDA:113,16,1,0
BRDA:113,17,0,0
BRDA:113,17,1,0
BRDA:113,17,2,0
BRDA:118,18,0,0
BRDA:118,18,1,0
BRDA:121,19,0,0
BRDA:121,19,1,0
BRDA:122,20,0,0
BRDA:122,20,1,0
BRDA:122,21,0,0
BRDA:122,21,1,0
BRDA:134,22,0,0
BRDA:134,22,1,0
BRF:50
BRH:0
end_of_record
TN:
SF:src/lib/tfjs.ts
FN:13,initTF
FN:18,(anonymous_1)
FN:32,getTF
FN:37,tfInfo
FNF:4
FNH:0
FNDA:0,initTF
FNDA:0,(anonymous_1)
FNDA:0,getTF
FNDA:0,tfInfo
DA:7,0
DA:8,0
DA:14,0
DA:15,0
DA:16,0
DA:18,0
DA:19,0
DA:20,0
DA:22,0
DA:24,0
DA:25,0
DA:28,0
DA:33,0
DA:38,0
LF:14
LH:0
BRDA:13,0,0,0
BRDA:14,1,0,0
BRDA:15,2,0,0
BRDA:15,2,1,0
BRDA:16,3,0,0
BRDA:16,3,1,0
BRDA:20,4,0,0
BRDA:20,4,1,0
BRF:8
BRH:0
end_of_record
TN:
SF:src/lib/gen/localBridge.ts
FN:25,(anonymous_0)
FN:33,health
FN:38,(anonymous_2)
FN:69,generateLocal
FN:75,(anonymous_4)
FNF:5
FNH:0
FNDA:0,(anonymous_0)
FNDA:0,health
FNDA:0,(anonymous_2)
FNDA:0,generateLocal
FNDA:0,(anonymous_4)
DA:26,0
DA:27,0
DA:28,0
DA:34,0
DA:35,0
DA:37,0
DA:38,0
DA:39,0
DA:40,0
DA:41,0
DA:42,0
DA:43,0
DA:46,0
DA:47,0
DA:48,0
DA:49,0
DA:50,0
DA:52,0
DA:53,0
DA:55,0
DA:57,0
DA:58,0
DA:59,0
DA:61,0
DA:70,0
DA:71,0
DA:73,0
DA:74,0
DA:75,0
DA:77,0
DA:87,0
DA:88,0
DA:94,0
DA:95,0
DA:98,0
DA:100,0
DA:104,0
DA:109,0
DA:110,0
DA:113,0
DA:115,0
DA:116,0
DA:117,0
DA:118,0
DA:120,0
LF:45
LH:0
BRDA:34,0,0,0
BRDA:34,0,1,0
BRDA:42,1,0,0
BRDA:42,1,1,0
BRDA:49,2,0,0
BRDA:49,2,1,0
BRDA:49,2,2,0
BRDA:50,3,0,0
BRDA:50,3,1,0
BRDA:50,4,0,0
BRDA:50,4,1,0
BRDA:53,5,0,0
BRDA:53,5,1,0
BRDA:58,6,0,0
BRDA:58,6,1,0
BRDA:69,7,0,0
BRDA:70,8,0,0
BRDA:70,8,1,0
BRDA:78,9,0,0
BRDA:78,9,1,0
BRDA:79,10,0,0
BRDA:79,10,1,0
BRDA:80,11,0,0
BRDA:80,11,1,0
BRDA:82,12,0,0
BRDA:82,12,1,0
BRDA:95,13,0,0
BRDA:95,13,1,0
BRDA:104,14,0,0
BRDA:104,14,1,0
BRDA:104,14,2,0
BRDA:104,14,3,0
BRDA:109,15,0,0
BRDA:109,15,1,0
BRDA:109,16,0,0
BRDA:109,16,1,0
BRDA:116,17,0,0
BRDA:116,17,1,0
BRDA:117,18,0,0
BRDA:117,18,1,0
BRDA:120,19,0,0
BRDA:120,19,1,0
BRF:42
BRH:0
end_of_record
TN:
SF:src/lib/gen/orchestrator.ts
FN:20,generateText
FN:21,(anonymous_1)
FN:30,(anonymous_2)
FNF:3
FNH:0
FNDA:0,generateText
FNDA:0,(anonymous_1)
FNDA:0,(anonymous_2)
DA:21,0
DA:24,0
DA:25,0
DA:26,0
DA:30,0
DA:31,0
DA:32,0
DA:41,0
DA:42,0
DA:46,0
DA:47,0
DA:48,0
DA:49,0
DA:50,0
DA:51,0
DA:53,0
DA:54,0
DA:59,0
DA:60,0
DA:61,0
DA:62,0
DA:63,0
DA:64,0
DA:67,0
DA:69,0
DA:70,0
DA:75,0
DA:76,0
DA:86,0
LF:29
LH:0
BRDA:24,0,0,0
BRDA:24,0,1,0
BRDA:36,1,0,0
BRDA:36,1,1,0
BRDA:41,2,0,0
BRDA:41,2,1,0
BRDA:46,3,0,0
BRDA:46,3,1,0
BRDA:49,4,0,0
BRDA:49,4,1,0
BRDA:49,5,0,0
BRDA:49,5,1,0
BRDA:53,6,0,0
BRDA:53,6,1,0
BRDA:59,7,0,0
BRDA:59,7,1,0
BRDA:62,8,0,0
BRDA:62,8,1,0
BRDA:69,9,0,0
BRDA:69,9,1,0
BRDA:75,10,0,0
BRDA:75,10,1,0
BRF:22
BRH:0
end_of_record
TN:
SF:src/lib/gen/simulator.ts
FN:6,simulateGenerate
FN:19,sleep
FN:20,(anonymous_2)
FN:24,summarise
FNF:4
FNH:0
FNDA:0,simulateGenerate
FNDA:0,sleep
FNDA:0,(anonymous_2)
FNDA:0,summarise
DA:7,0
DA:9,0
DA:11,0
DA:15,0
DA:16,0
DA:20,0
DA:25,0
DA:26,0
DA:27,0
DA:28,0
DA:29,0
LF:11
LH:0
BRDA:9,0,0,0
BRDA:9,0,1,0
BRDA:11,1,0,0
BRDA:11,1,1,0
BRDA:27,2,0,0
BRDA:27,2,1,0
BRDA:27,3,0,0
BRDA:27,3,1,0
BRDA:29,4,0,0
BRDA:29,4,1,0
BRF:10
BRH:0
end_of_record
TN:
SF:src/lib/llm/localBridge.ts
FN:11,postWithTimeout
FN:13,(anonymous_1)
FN:28,localLLMGenerate
FNF:3
FNH:0
FNDA:0,postWithTimeout
FNDA:0,(anonymous_1)
FNDA:0,localLLMGenerate
DA:12,0
DA:13,0
DA:14,0
DA:15,0
DA:21,0
DA:22,0
DA:24,0
DA:30,0
DA:31,0
DA:32,0
DA:33,0
DA:35,0
DA:38,0
DA:39,0
DA:40,0
DA:42,0
LF:16
LH:0
BRDA:11,0,0,0
BRDA:21,1,0,0
BRDA:21,1,1,0
BRDA:32,2,0,0
BRDA:32,2,1,0
BRDA:32,3,0,0
BRDA:32,3,1,0
BRDA:38,4,0,0
BRDA:38,4,1,0
BRDA:39,5,0,0
BRDA:39,5,1,0
BRF:11
BRH:0
end_of_record
TN:
SF:src/lib/llm/localGen.ts
FN:5,generateSummaryLocal
FN:15,generateQuestionsLocal
FNF:2
FNH:0
FNDA:0,generateSummaryLocal
FNDA:0,generateQuestionsLocal
DA:6,0
DA:7,0
DA:8,0
DA:9,0
DA:11,0
DA:16,0
DA:17,0
DA:18,0
DA:20,0
LF:9
LH:0
BRDA:6,0,0,0
BRDA:6,0,1,0
BRDA:9,1,0,0
BRDA:9,1,1,0
BRDA:18,2,0,0
BRDA:18,2,1,0
BRF:6
BRH:0
end_of_record
TN:
SF:src/providers/AppProviders.tsx
FN:11,AppProviders
FNF:1
FNH:0
FNDA:0,AppProviders
DA:12,0
LF:1
LH:0
BRF:0
BRH:0
end_of_record
TN:
SF:src/screens/OCRScreen.tsx
FN:16,OCRScreen
FN:27,handleLocalSummary
FN:44,handleLocalQuestions
FN:62,handlePick
FN:81,handleProceed
FN:116,(anonymous_5)
FN:119,(anonymous_6)
FN:136,(anonymous_7)
FN:145,(anonymous_8)
FNF:9
FNH:0
FNDA:0,OCRScreen
FNDA:0,handleLocalSummary
FNDA:0,handleLocalQuestions
FNDA:0,handlePick
FNDA:0,handleProceed
FNDA:0,(anonymous_5)
FNDA:0,(anonymous_6)
FNDA:0,(anonymous_7)
FNDA:0,(anonymous_8)
DA:17,0
DA:18,0
DA:19,0
DA:20,0
DA:21,0
DA:23,0
DA:24,0
DA:28,0
DA:29,0
DA:30,0
DA:31,0
DA:33,0
DA:34,0
DA:35,0
DA:36,0
DA:38,0
DA:40,0
DA:45,0
DA:46,0
DA:47,0
DA:48,0
DA:50,0
DA:51,0
DA:52,0
DA:53,0
DA:55,0
DA:57,0
DA:63,0
DA:64,0
DA:65,0
DA:66,0
DA:67,0
DA:68,0
DA:69,0
DA:71,0
DA:72,0
DA:75,0
DA:77,0
DA:82,0
DA:83,0
DA:84,0
DA:85,0
DA:87,0
DA:88,0
DA:89,0
DA:90,0
DA:91,0
DA:92,0
DA:94,0
DA:95,0
DA:97,0
DA:100,0
DA:102,0
DA:106,0
DA:117,0
DA:119,0
DA:136,0
DA:145,0
LF:58
LH:0
BRDA:16,0,0,0
BRDA:29,1,0,0
BRDA:29,1,1,0
BRDA:36,2,0,0
BRDA:36,2,1,0
BRDA:38,3,0,0
BRDA:38,3,1,0
BRDA:46,4,0,0
BRDA:46,4,1,0
BRDA:53,5,0,0
BRDA:53,5,1,0
BRDA:53,6,0,0
BRDA:53,6,1,0
BRDA:55,7,0,0
BRDA:55,7,1,0
BRDA:65,8,0,0
BRDA:65,8,1,0
BRDA:68,9,0,0
BRDA:68,9,1,0
BRDA:71,10,0,0
BRDA:71,10,1,0
BRDA:72,11,0,0
BRDA:72,11,1,0
BRDA:72,12,0,0
BRDA:72,12,1,0
BRDA:75,13,0,0
BRDA:75,13,1,0
BRDA:82,14,0,0
BRDA:82,14,1,0
BRDA:83,15,0,0
BRDA:83,15,1,0
BRDA:90,16,0,0
BRDA:90,16,1,0
BRDA:90,17,0,0
BRDA:90,17,1,0
BRDA:94,18,0,0
BRDA:94,18,1,0
BRDA:100,19,0,0
BRDA:100,19,1,0
BRDA:125,20,0,0
BRDA:125,20,1,0
BRDA:126,21,0,0
BRDA:126,21,1,0
BRDA:129,22,0,0
BRDA:129,22,1,0
BRDA:155,23,0,0
BRDA:155,23,1,0
BRDA:183,24,0,0
BRDA:183,24,1,0
BRDA:187,25,0,0
BRDA:187,25,1,0
BRDA:195,26,0,0
BRDA:195,26,1,0
BRDA:199,27,0,0
BRDA:199,27,1,0
BRDA:207,28,0,0
BRDA:207,28,1,0
BRF:57
BRH:0
end_of_record
TN:
SF:src/screens/OcrAirplanePOC.tsx
FN:11,OcrAirplanePOC
FN:17,pickImage
FN:38,runOcr
FNF:3
FNH:0
FNDA:0,OcrAirplanePOC
FNDA:0,pickImage
FNDA:0,runOcr
DA:12,0
DA:13,0
DA:14,0
DA:15,0
DA:18,0
DA:19,0
DA:20,0
DA:21,0
DA:22,0
DA:24,0
DA:30,0
DA:31,0
DA:32,0
DA:34,0
DA:39,0
DA:40,0
DA:41,0
DA:42,0
DA:43,0
DA:44,0
DA:48,0
DA:51,0
DA:53,0
DA:55,0
DA:57,0
DA:61,0
DA:86,0
LF:27
LH:0
BRDA:20,0,0,0
BRDA:20,0,1,0
BRDA:30,1,0,0
BRDA:30,1,1,0
BRDA:30,2,0,0
BRDA:30,2,1,0
BRDA:34,3,0,0
BRDA:34,3,1,0
BRDA:39,4,0,0
BRDA:39,4,1,0
BRDA:43,5,0,0
BRDA:43,5,1,0
BRDA:53,6,0,0
BRDA:53,6,1,0
BRDA:55,7,0,0
BRDA:55,7,1,0
BRDA:70,8,0,0
BRDA:70,8,1,0
BRDA:70,9,0,0
BRDA:70,9,1,0
BRDA:71,10,0,0
BRDA:71,10,1,0
BRDA:75,11,0,0
BRDA:75,11,1,0
BRDA:78,12,0,0
BRDA:78,12,1,0
BRDA:80,13,0,0
BRDA:80,13,1,0
BRF:28
BRH:0
end_of_record
TN:
SF:src/screens/OcrPdfDemo.tsx
FN:7,OcrPdfDemo
FN:10,(anonymous_1)
FNF:2
FNH:0
FNDA:0,OcrPdfDemo
FNDA:0,(anonymous_1)
DA:8,0
DA:10,0
DA:11,0
DA:12,0
DA:13,0
DA:14,0
DA:17,0
DA:19,0
DA:20,0
DA:22,0
DA:24,0
DA:28,0
LF:12
LH:0
BRDA:14,0,0,0
BRDA:14,0,1,0
BRDA:22,1,0,0
BRDA:22,1,1,0
BRDA:42,2,0,0
BRDA:42,2,1,0
BRDA:45,3,0,0
BRDA:45,3,1,0
BRF:8
BRH:0
end_of_record
TN:
SF:src/screens/PrepareOffline.tsx
FN:11,PrepareOffline
FN:18,(anonymous_1)
FN:22,(anonymous_2)
FN:23,(anonymous_3)
FN:28,handlePrepare
FNF:5
FNH:0
FNDA:0,PrepareOffline
FNDA:0,(anonymous_1)
FNDA:0,(anonymous_2)
FNDA:0,(anonymous_3)
FNDA:0,handlePrepare
DA:12,0
DA:13,0
DA:15,0
DA:18,0
DA:19,0
DA:22,0
DA:23,0
DA:26,0
DA:29,0
DA:30,0
DA:31,0
DA:35,0
DA:37,0
DA:38,0
DA:39,0
DA:44,0
DA:48,0
LF:17
LH:0
BRDA:30,0,0,0
BRDA:30,0,1,0
BRDA:44,1,0,0
BRDA:44,1,1,0
BRDA:86,2,0,0
BRDA:86,2,1,0
BRDA:88,3,0,0
BRDA:88,3,1,0
BRDA:89,4,0,0
BRDA:89,4,1,0
BRDA:95,5,0,0
BRDA:95,5,1,0
BRDA:100,6,0,0
BRDA:100,6,1,0
BRDA:100,7,0,0
BRDA:100,7,1,0
BRDA:103,8,0,0
BRDA:103,8,1,0
BRF:18
BRH:0
end_of_record
TN:
SF:src/screens/QueryScreen.tsx
FN:9,QueryScreen
FN:19,handleAsk
FNF:2
FNH:2
FNDA:4,QueryScreen
FNDA:1,handleAsk
DA:10,4
DA:11,4
DA:12,4
DA:13,4
DA:14,4
DA:17,4
DA:20,1
DA:21,1
DA:22,0
DA:26,0
DA:28,1
DA:29,1
DA:30,1
DA:31,1
DA:34,1
DA:35,0
DA:36,0
DA:40,0
DA:42,0
DA:43,0
DA:44,0
DA:45,0
DA:47,0
DA:48,0
DA:55,0
DA:56,0
DA:57,0
DA:58,0
DA:62,1
DA:63,1
DA:64,0
DA:69,1
DA:71,1
DA:72,0
DA:73,0
DA:77,0
DA:79,1
DA:83,4
DA:85,4
LF:39
LH:20
BRDA:21,0,0,0
BRDA:21,0,1,1
BRDA:34,1,0,0
BRDA:34,1,1,1
BRDA:35,2,0,0
BRDA:35,2,1,0
BRDA:43,3,0,0
BRDA:43,3,1,0
BRDA:63,4,0,0
BRDA:63,4,1,1
BRDA:71,5,0,0
BRDA:71,5,1,1
BRDA:71,6,0,1
BRDA:71,6,1,0
BRDA:77,7,0,0
BRDA:77,7,1,0
BRDA:83,8,0,4
BRDA:83,8,1,3
BRDA:107,9,0,1
BRDA:107,9,1,3
BRDA:116,10,0,1
BRDA:116,10,1,3
BRDA:125,11,0,1
BRDA:125,11,1,1
BRDA:127,12,0,0
BRDA:127,12,1,1
BRDA:127,13,0,0
BRDA:127,13,1,1
BRDA:130,14,0,0
BRDA:130,14,1,1
BRDA:146,15,0,0
BRDA:146,15,1,1
BRDA:146,16,0,1
BRDA:146,16,1,0
BRDA:152,17,0,0
BRDA:152,17,1,0
BRF:36
BRH:18
end_of_record
TN:
SF:src/screens/Settings.tsx
FN:26,Settings
FN:41,(anonymous_1)
FN:44,(anonymous_2)
FN:55,(anonymous_3)
FN:73,(anonymous_4)
FN:80,toastNow
FN:83,(anonymous_6)
FN:87,handleSave
FN:109,handleToggleDebug
FN:131,(anonymous_9)
FN:135,(anonymous_10)
FN:153,(anonymous_11)
FN:157,(anonymous_12)
FN:176,(anonymous_13)
FN:188,(anonymous_14)
FN:199,(anonymous_15)
FNF:16
FNH:0
FNDA:0,Settings
FNDA:0,(anonymous_1)
FNDA:0,(anonymous_2)
FNDA:0,(anonymous_3)
FNDA:0,(anonymous_4)
FNDA:0,toastNow
FNDA:0,(anonymous_6)
FNDA:0,handleSave
FNDA:0,handleToggleDebug
FNDA:0,(anonymous_9)
FNDA:0,(anonymous_10)
FNDA:0,(anonymous_11)
FNDA:0,(anonymous_12)
FNDA:0,(anonymous_13)
FNDA:0,(anonymous_14)
FNDA:0,(anonymous_15)
DA:13,1
DA:14,1
DA:16,1
DA:27,0
DA:30,0
DA:33,0
DA:34,0
DA:37,0
DA:38,0
DA:41,0
DA:42,0
DA:44,0
DA:45,0
DA:46,0
DA:53,0
DA:55,0
DA:56,0
DA:59,0
DA:62,0
DA:63,0
DA:65,0
DA:66,0
DA:69,0
DA:73,0
DA:74,0
DA:81,0
DA:82,0
DA:83,0
DA:88,0
DA:89,0
DA:92,0
DA:94,0
DA:97,0
DA:98,0
DA:100,0
DA:102,0
DA:104,0
DA:110,0
DA:111,0
DA:112,0
DA:113,0
DA:123,0
DA:132,0
DA:135,0
DA:154,0
DA:157,0
DA:176,0
DA:188,0
DA:199,0
DA:235,1
LF:50
LH:4
BRDA:30,0,0,0
BRDA:30,0,1,0
BRDA:53,1,0,0
BRDA:53,1,1,0
BRDA:55,2,0,0
BRDA:55,2,1,0
BRDA:55,3,0,0
BRDA:55,3,1,0
BRDA:62,4,0,0
BRDA:62,4,1,0
BRDA:63,5,0,0
BRDA:63,5,1,0
BRDA:65,6,0,0
BRDA:65,6,1,0
BRDA:66,7,0,0
BRDA:66,7,1,0
BRDA:112,8,0,0
BRDA:112,8,1,0
BRDA:114,9,0,0
BRDA:114,9,1,0
BRDA:134,10,0,0
BRDA:134,10,1,0
BRDA:140,11,0,0
BRDA:140,11,1,0
BRDA:156,12,0,0
BRDA:156,12,1,0
BRDA:162,13,0,0
BRDA:162,13,1,0
BRDA:163,14,0,0
BRDA:163,14,1,0
BRDA:187,15,0,0
BRDA:187,15,1,0
BRDA:193,16,0,0
BRDA:193,16,1,0
BRDA:198,17,0,0
BRDA:198,17,1,0
BRDA:204,18,0,0
BRDA:204,18,1,0
BRDA:216,19,0,0
BRDA:216,19,1,0
BRDA:221,20,0,0
BRDA:221,20,1,0
BRDA:225,21,0,0
BRDA:225,21,1,0
BRF:44
BRH:0
end_of_record
TN:
SF:src/utils/savePdf.ts
FN:8,savePdfBlob
FN:28,blobToBase64
FN:29,(anonymous_2)
FN:32,(anonymous_3)
FNF:4
FNH:0
FNDA:0,savePdfBlob
FNDA:0,blobToBase64
FNDA:0,(anonymous_2)
FNDA:0,(anonymous_3)
DA:13,0
DA:14,0
DA:15,0
DA:19,0
DA:20,0
DA:25,0
DA:29,0
DA:30,0
DA:31,0
DA:32,0
DA:33,0
DA:34,0
DA:35,0
DA:37,0
LF:14
LH:0
BRDA:10,0,0,0
BRDA:11,1,0,0
BRDA:19,2,0,0
BRDA:19,2,1,0
BRDA:19,3,0,0
BRDA:19,3,1,0
BRDA:33,4,0,0
BRDA:33,4,1,0
BRDA:34,5,0,0
BRDA:34,5,1,0
BRF:10
BRH:0
end_of_record
TN:
SF:src/utils/storage.ts
FN:4,getItemSafe
FN:13,setItemSafe
FNF:2
FNH:1
FNDA:1,getItemSafe
FNDA:0,setItemSafe
DA:5,1
DA:6,1
DA:8,0
DA:14,0
DA:15,0
DA:16,0
DA:18,0
LF:7
LH:2
BRF:0
BRH:0
end_of_record
